<?xml version="1.0" encoding="UTF-8"?>
<!-- Generated by org.testng.reporters.JUnitXMLReporter -->
<testsuite hostname="DESKTOP-EIJ4P2G" ignored="0" name="Surefire test" tests="4" failures="0" timestamp="2021-06-17T13:42:09 EET" time="17.569" errors="0">
  <testcase name="OpenUdemy" time="7.945" classname="maven.selenium.TestNGParameters"/>
  <testcase name="OpenFace" time="1.468" classname="maven.selenium.TestNGParameters"/>
  <testcase name="OpenWhatsapp" time="3.293" classname="maven.selenium.TestNGParameters"/>
  <testcase name="OpenTwitter" time="0.841" classname="maven.selenium.TestNGParameters"/>
</testsuite> <!-- Surefire test -->
