<?xml version="1.0" encoding="UTF-8"?>
<!-- Generated by org.testng.reporters.JUnitXMLReporter -->
<testsuite ignored="2" hostname="DESKTOP-EIJ4P2G" failures="0" tests="2" name="Default test" time="12.649" errors="0" timestamp="2021-06-17T13:28:59 EET">
  <testcase classname="maven.selenium.TestNGParameters" name="OpenUdemy" time="3.881"/>
  <testcase classname="maven.selenium.TestNGParameters" name="OpenFace" time="1.638"/>
  <testcase classname="maven.selenium.TestNGParameters" name="OpenWhatsapp" time="0.0">
    <ignored/>
  </testcase> <!-- OpenWhatsapp -->
  <testcase classname="maven.selenium.TestNGParameters" name="OpenTwitter" time="0.0">
    <ignored/>
  </testcase> <!-- OpenTwitter -->
</testsuite> <!-- Default test -->
